Performing C++ SOURCE FILE Test CMAKE_HAVE_LIBC_PTHREAD failed with the following output:
Change Dir: /home/pi/Desktop/Turing/src/build/CMakeFiles/CMakeTmp

Run Build Command(s):/usr/bin/gmake cmTC_53ef1/fast && /usr/bin/gmake  -f CMakeFiles/cmTC_53ef1.dir/build.make CMakeFiles/cmTC_53ef1.dir/build
gmake[1]: 进入目录“/home/pi/Desktop/Turing/src/build/CMakeFiles/CMakeTmp”
Building CXX object CMakeFiles/cmTC_53ef1.dir/src.cxx.o
/usr/bin/c++   -std=c++20 -DCMAKE_HAVE_LIBC_PTHREAD -std=gnu++2a -o CMakeFiles/cmTC_53ef1.dir/src.cxx.o -c /home/pi/Desktop/Turing/src/build/CMakeFiles/CMakeTmp/src.cxx
Linking CXX executable cmTC_53ef1
/usr/bin/cmake -E cmake_link_script CMakeFiles/cmTC_53ef1.dir/link.txt --verbose=1
/usr/bin/c++  -std=c++20 -DCMAKE_HAVE_LIBC_PTHREAD CMakeFiles/cmTC_53ef1.dir/src.cxx.o -o cmTC_53ef1 
/usr/bin/ld: CMakeFiles/cmTC_53ef1.dir/src.cxx.o: in function `main':
src.cxx:(.text+0x40): undefined reference to `pthread_create'
/usr/bin/ld: src.cxx:(.text+0x4c): undefined reference to `pthread_detach'
/usr/bin/ld: src.cxx:(.text+0x58): undefined reference to `pthread_cancel'
/usr/bin/ld: src.cxx:(.text+0x68): undefined reference to `pthread_join'
collect2: error: ld returned 1 exit status
gmake[1]: *** [CMakeFiles/cmTC_53ef1.dir/build.make:106：cmTC_53ef1] 错误 1
gmake[1]: 离开目录“/home/pi/Desktop/Turing/src/build/CMakeFiles/CMakeTmp”
gmake: *** [Makefile:140：cmTC_53ef1/fast] 错误 2


Source file was:
#include <pthread.h>

void* test_func(void* data)
{
  return data;
}

int main(void)
{
  pthread_t thread;
  pthread_create(&thread, NULL, test_func, NULL);
  pthread_detach(thread);
  pthread_cancel(thread);
  pthread_join(thread, NULL);
  pthread_atfork(NULL, NULL, NULL);
  pthread_exit(NULL);

  return 0;
}

Determining if the function pthread_create exists in the pthreads failed with the following output:
Change Dir: /home/pi/Desktop/Turing/src/build/CMakeFiles/CMakeTmp

Run Build Command(s):/usr/bin/gmake cmTC_9bbe9/fast && /usr/bin/gmake  -f CMakeFiles/cmTC_9bbe9.dir/build.make CMakeFiles/cmTC_9bbe9.dir/build
gmake[1]: 进入目录“/home/pi/Desktop/Turing/src/build/CMakeFiles/CMakeTmp”
Building CXX object CMakeFiles/cmTC_9bbe9.dir/CheckFunctionExists.cxx.o
/usr/bin/c++   -std=c++20 -DCHECK_FUNCTION_EXISTS=pthread_create -std=gnu++2a -o CMakeFiles/cmTC_9bbe9.dir/CheckFunctionExists.cxx.o -c /home/pi/Desktop/Turing/src/build/CMakeFiles/CheckLibraryExists/CheckFunctionExists.cxx
Linking CXX executable cmTC_9bbe9
/usr/bin/cmake -E cmake_link_script CMakeFiles/cmTC_9bbe9.dir/link.txt --verbose=1
/usr/bin/c++  -std=c++20 -DCHECK_FUNCTION_EXISTS=pthread_create CMakeFiles/cmTC_9bbe9.dir/CheckFunctionExists.cxx.o -o cmTC_9bbe9  -lpthreads 
/usr/bin/ld: 找不到 -lpthreads
collect2: error: ld returned 1 exit status
gmake[1]: *** [CMakeFiles/cmTC_9bbe9.dir/build.make:106：cmTC_9bbe9] 错误 1
gmake[1]: 离开目录“/home/pi/Desktop/Turing/src/build/CMakeFiles/CMakeTmp”
gmake: *** [Makefile:140：cmTC_9bbe9/fast] 错误 2



